app/build/outputs/logs/manifest-merger-debug-report.txt
-- Merging decision tree log ---
manifest
ADDED from src\main\AndroidManifest.xml:2:1-41:12
	package
		ADDED from src\main\AndroidManifest.xml:3:7-42
		INJECTED from src\main\AndroidManifest.xml
		INJECTED from src\main\AndroidManifest.xml
	android:versionName
		ADDED from src\main\AndroidManifest.xml:5:7-34
		INJECTED from src\main\AndroidManifest.xml
		INJECTED from src\main\AndroidManifest.xml
	android:versionCode
		ADDED from src\main\AndroidManifest.xml:4:7-30
		INJECTED from src\main\AndroidManifest.xml
		INJECTED from src\main\AndroidManifest.xml
	xmlns:android
		ADDED from src\main\AndroidManifest.xml:2:11-69
uses-sdk
ADDED from src\main\AndroidManifest.xml:7:5-73
	android:targetSdkVersion
		ADDED from src\main\AndroidManifest.xml:7:42-71
		INJECTED from src\main\AndroidManifest.xml
		INJECTED from src\main\AndroidManifest.xml
	android:minSdkVersion
		ADDED from src\main\AndroidManifest.xml:7:15-41
		INJECTED from src\main\AndroidManifest.xml
		INJECTED from src\main\AndroidManifest.xml
application
ADDED from src\main\AndroidManifest.xml:10:5-40:19
	android:label
		ADDED from src\main\AndroidManifest.xml:10:48-80
	android:icon
		ADDED from src\main\AndroidManifest.xml:10:18-47
activity#com.victorint.android.usb.ArduinoTerminalActivity
ADDED from src\main\AndroidManifest.xml:11:9-20:20
	android:label
		ADDED from src\main\AndroidManifest.xml:12:19-51
	android:launchMode
		ADDED from src\main\AndroidManifest.xml:13:19-54
	android:windowSoftInputMode
		ADDED from src\main\AndroidManifest.xml:14:19-61
	android:configChanges
		ADDED from src\main\AndroidManifest.xml:15:19-54
	android:name
		ADDED from src\main\AndroidManifest.xml:11:19-58
intent-filter#android.intent.action.MAIN+android.intent.category.LAUNCHER
ADDED from src\main\AndroidManifest.xml:16:13-19:29
action#android.intent.action.MAIN
ADDED from src\main\AndroidManifest.xml:17:17-69
	android:name
		ADDED from src\main\AndroidManifest.xml:17:25-66
category#android.intent.category.LAUNCHER
ADDED from src\main\AndroidManifest.xml:18:17-77
	android:name
		ADDED from src\main\AndroidManifest.xml:18:27-74
activity#com.victorint.android.usb.Preferences
ADDED from src\main\AndroidManifest.xml:22:9-49
	android:name
		ADDED from src\main\AndroidManifest.xml:22:19-46
activity#com.victorint.android.usb.StartServiceActivity
ADDED from src\main\AndroidManifest.xml:24:9-34:20
	android:label
		ADDED from src\main\AndroidManifest.xml:24:56-96
	android:excludeFromRecents
		ADDED from src\main\AndroidManifest.xml:26:10-43
	android:launchMode
		ADDED from src\main\AndroidManifest.xml:25:10-45
	android:theme
		ADDED from src\main\AndroidManifest.xml:25:46-92
	android:name
		ADDED from src\main\AndroidManifest.xml:24:19-55
intent-filter#android.hardware.usb.action.USB_ACCESSORY_ATTACHED
ADDED from src\main\AndroidManifest.xml:28:13-30:29
action#android.hardware.usb.action.USB_ACCESSORY_ATTACHED
ADDED from src\main\AndroidManifest.xml:29:17-93
	android:name
		ADDED from src\main\AndroidManifest.xml:29:25-90
meta-data#android.hardware.usb.action.USB_ACCESSORY_ATTACHED
ADDED from src\main\AndroidManifest.xml:32:13-33:60
	android:resource
		ADDED from src\main\AndroidManifest.xml:33:17-57
	android:name
		ADDED from src\main\AndroidManifest.xml:32:24-89
service#com.victorint.android.usb.ArduinoUsbService
ADDED from src\main\AndroidManifest.xml:36:9-55
	android:name
		ADDED from src\main\AndroidManifest.xml:36:18-51
uses-library#com.android.future.usb.accessory
ADDED from src\main\AndroidManifest.xml:39:3-67
	android:name
		ADDED from src\main\AndroidManifest.xml:39:17-64